Arguments: 
  /usr/local/bin/node /usr/local/bin/yarn add @polkadot/api @polkadot/api-contract

PATH: 
  /opt/homebrew/bin:/usr/local/bin:/usr/bin:/bin:/usr/sbin:/sbin:/usr/local/go/bin:/opt/homebrew/bin:/Users/subdao/.cargo/bin

Yarn version: 
  1.22.10

Node version: 
  14.17.1

Platform: 
  darwin x64

Trace: 
  Error: https://registry.yarnpkg.com/@polkadot%2fapi: tunneling socket could not be established, cause=socket hang up
      at ClientRequest.onError (/usr/local/lib/node_modules/yarn/lib/cli.js:152235:17)
      at Object.onceWrapper (events.js:482:26)
      at ClientRequest.emit (events.js:375:28)
      at Socket.socketOnEnd (_http_client.js:499:9)
      at Socket.emit (events.js:387:35)
      at endReadableNT (internal/streams/readable.js:1317:12)
      at processTicksAndRejections (internal/process/task_queues.js:82:21)

npm manifest: 
  No manifest

yarn manifest: 
  No manifest

Lockfile: 
  No lockfile
